d:\git\kant1-pvmcore\emulator\libs_src\simlib\debug\vc120.pdb
d:\git\kant1-pvmcore\emulator\libs_src\simlib\debug\vc120.idb
d:\git\kant1-pvmcore\emulator\libs_src\simlib\debug\tparsecfg.obj
d:\git\kant1-pvmcore\emulator\libs_src\simlib\debug\system_mc.obj
d:\git\kant1-pvmcore\emulator\libs_src\simlib\debug\system.obj
d:\git\kant1-pvmcore\emulator\libs_src\simlib\debug\swap_man.obj
d:\git\kant1-pvmcore\emulator\libs_src\simlib\debug\sim_thread.obj
d:\git\kant1-pvmcore\emulator\libs_src\simlib\debug\sim_dll.obj
d:\git\kant1-pvmcore\emulator\libs_src\simlib\debug\device.obj
d:\git\kant1-pvmcore\emulator\libs\simlib.lib
c:\git\evm\kant1-pvmcore\emulator\libs_src\simlib\debug\device.obj
c:\git\evm\kant1-pvmcore\emulator\libs_src\simlib\debug\sim_dll.obj
c:\git\evm\kant1-pvmcore\emulator\libs_src\simlib\debug\sim_thread.obj
c:\git\evm\kant1-pvmcore\emulator\libs_src\simlib\debug\swap_man.obj
c:\git\evm\kant1-pvmcore\emulator\libs_src\simlib\debug\system.obj
c:\git\evm\kant1-pvmcore\emulator\libs_src\simlib\debug\system_mc.obj
c:\git\evm\kant1-pvmcore\emulator\libs_src\simlib\debug\tparsecfg.obj
c:\git\evm\kant1-pvmcore\emulator\libs_src\simlib\debug\vc120.idb
c:\git\evm\kant1-pvmcore\emulator\libs_src\simlib\debug\vc120.pdb
c:\git\evm\kant1-pvmcore\emulator\libs_src\simlib\debug\simlib12.tlog\cl.command.1.tlog
c:\git\evm\kant1-pvmcore\emulator\libs_src\simlib\debug\simlib12.tlog\cl.read.1.tlog
c:\git\evm\kant1-pvmcore\emulator\libs_src\simlib\debug\simlib12.tlog\cl.write.1.tlog
c:\git\evm\kant1-pvmcore\emulator\libs_src\simlib\debug\simlib12.tlog\lib-link.read.1.tlog
c:\git\evm\kant1-pvmcore\emulator\libs_src\simlib\debug\simlib12.tlog\lib-link.write.1.tlog
c:\git\evm\kant1-pvmcore\emulator\libs_src\simlib\debug\simlib12.tlog\lib.command.1.tlog
