Сборка начата 07.08.2018 10:10:45.
     1>Проект "D:\git\kant1-pvmcore\emulator\libs_src\simlib\simlib12.vcxproj" в узле 2 (целевые объекты Build).
     1>ClCompile:
         C:\Program Files (x86)\Microsoft Visual Studio 12.0\VC\bin\CL.exe /c /I.\headers /I..\..\headers /I..\..\dbg_interface /Zi /nologo /W3 /WX- /O2 /Oy- /D WIN32 /D NDEBUG /D _LIB /D _VC80_UPGRADE=0x0710 /D _MBCS /Gm- /EHsc /MD /GS /fp:precise /Zc:wchar_t /Zc:forScope /Fo"Release\\" /Fd"Release\vc120.pdb" /Gd /TP /analyze- /errorReport:prompt sources\device.cpp sources\sim_dll.cpp sources\sim_thread.cpp sources\swap_man.cpp sources\system.cpp sources\system_mc.cpp sources\tParseCfg.cpp
         device.cpp
     1>D:\git\kant1-pvmcore\emulator\dbg_interface\datatypes.h(143): fatal error C1083: Не удается открыть файл включение: systemc.h: No such file or directory
         sim_dll.cpp
         sim_thread.cpp
     1>D:\git\kant1-pvmcore\emulator\dbg_interface\datatypes.h(143): fatal error C1083: Не удается открыть файл включение: systemc.h: No such file or directory
         swap_man.cpp
     1>D:\git\kant1-pvmcore\emulator\dbg_interface\datatypes.h(143): fatal error C1083: Не удается открыть файл включение: systemc.h: No such file or directory
         system.cpp
     1>D:\git\kant1-pvmcore\emulator\dbg_interface\datatypes.h(143): fatal error C1083: Не удается открыть файл включение: systemc.h: No such file or directory
         system_mc.cpp
     1>D:\git\kant1-pvmcore\emulator\dbg_interface\datatypes.h(143): fatal error C1083: Не удается открыть файл включение: systemc.h: No such file or directory
         tParseCfg.cpp
     1>D:\git\kant1-pvmcore\emulator\dbg_interface\datatypes.h(143): fatal error C1083: Не удается открыть файл включение: systemc.h: No such file or directory
         Создание кода...
     1>Сборка проекта "D:\git\kant1-pvmcore\emulator\libs_src\simlib\simlib12.vcxproj" завершена (целевые объекты Build) с ошибкой.

Ошибка сборки.

Затраченное время: 00:00:03.83
